Build started 10/14/2015 8:29:07 AM.
     1>Project "C:\Users\stud2014\Desktop\bitfield release\bytefield.vcxproj" on node 2 (build target(s)).
     1>InitializeBuildStatus:
         Creating "Debug\bitfield.unsuccessfulbuild" because "AlwaysCreate" was specified.
       ClCompile:
         C:\Program Files (x86)\Microsoft Visual Studio 10.0\VC\bin\CL.exe /c /ZI /nologo /W3 /WX- /Od /Oy- /D WIN32 /D _DEBUG /D _CONSOLE /D _MBCS /Gm /EHsc /RTC1 /MDd /GS /fp:precise /Zc:wchar_t /Zc:forScope /Fo"Debug\\" /Fd"Debug\vc100.pdb" /Gd /TP /analyze- /errorReport:prompt main.cpp
         main.cpp
       ManifestResourceCompile:
         All outputs are up-to-date.
       Link:
         C:\Program Files (x86)\Microsoft Visual Studio 10.0\VC\bin\link.exe /ERRORREPORT:PROMPT /OUT:"C:\Users\stud2014\Desktop\bitfield release\Debug\bitfield.exe" /INCREMENTAL /NOLOGO kernel32.lib user32.lib gdi32.lib winspool.lib comdlg32.lib advapi32.lib shell32.lib ole32.lib oleaut32.lib uuid.lib odbc32.lib odbccp32.lib /MANIFEST /ManifestFile:"Debug\bitfield.exe.intermediate.manifest" /MANIFESTUAC:"level='asInvoker' uiAccess='false'" /DEBUG /PDB:"C:\Users\stud2014\Desktop\bitfield release\Debug\bitfield.pdb" /SUBSYSTEM:CONSOLE /TLBID:1 /DYNAMICBASE /NXCOMPAT /IMPLIB:"C:\Users\stud2014\Desktop\bitfield release\Debug\bitfield.lib" /MACHINE:X86 Debug\bitfield.exe.embed.manifest.res
         Debug\main.obj
         Debug\set.obj
         Debug\tbf.obj
       Manifest:
         C:\Program Files (x86)\Microsoft SDKs\Windows\v7.0A\bin\mt.exe /nologo /verbose /out:"Debug\bitfield.exe.embed.manifest" /manifest Debug\bitfield.exe.intermediate.manifest
         All outputs are up-to-date.
       LinkEmbedManifest:
         All outputs are up-to-date.
         bytefield.vcxproj -> C:\Users\stud2014\Desktop\bitfield release\Debug\bitfield.exe
       FinalizeBuildStatus:
         Deleting file "Debug\bitfield.unsuccessfulbuild".
         Touching "Debug\bitfield.lastbuildstate".
     1>Done Building Project "C:\Users\stud2014\Desktop\bitfield release\bytefield.vcxproj" (build target(s)).

Build succeeded.

Time Elapsed 00:00:01.46
